<?xml version="1.0" encoding="UTF-8"?>
<!-- Generated by org.testng.reporters.JUnitReportReporter -->
<testsuite hostname="ajenifer" name="DemoTestNG.Demo7" tests="2" failures="0" timestamp="30 May 2019 02:16:44 GMT" time="0.011" errors="0">
  <testcase name="test2" time="0.000" classname="DemoTestNG.Demo7"/>
  <testcase name="test1" time="0.011" classname="DemoTestNG.Demo7"/>
</testsuite> <!-- DemoTestNG.Demo7 -->
