<?xml version="1.0" encoding="UTF-8"?>
<!-- Generated by org.testng.reporters.JUnitReportReporter -->
<testsuite hostname="ajenifer" name="DemoTestNG.Demo2" tests="1" failures="0" timestamp="30 May 2019 02:17:47 GMT" time="0.004" errors="0">
  <testcase name="Testcase3" time="0.004" classname="DemoTestNG.Demo2"/>
</testsuite> <!-- DemoTestNG.Demo2 -->
