<?xml version="1.0" encoding="UTF-8"?>
<!-- Generated by org.testng.reporters.JUnitReportReporter -->
<testsuite hostname="ajenifer" name="DemoTestNG.DataProviderDemo" tests="2" failures="0" timestamp="27 May 2019 04:57:34 GMT" time="18.576" errors="0">
  <testcase name="f" time="9.147" classname="DemoTestNG.DataProviderDemo"/>
  <testcase name="f" time="9.429" classname="DemoTestNG.DataProviderDemo"/>
</testsuite> <!-- DemoTestNG.DataProviderDemo -->
