<?xml version="1.0" encoding="UTF-8"?>
<!-- Generated by org.testng.reporters.JUnitReportReporter -->
<testsuite hostname="ajenifer" name="DemoTestNG.Demo9" tests="2" failures="0" timestamp="29 May 2019 04:30:35 GMT" time="16.943" errors="0">
  <testcase name="test1" time="8.737" classname="DemoTestNG.Demo9"/>
  <testcase name="test1" time="8.206" classname="DemoTestNG.Demo9"/>
</testsuite> <!-- DemoTestNG.Demo9 -->
