<?xml version="1.0" encoding="UTF-8"?>
<!-- Generated by org.testng.reporters.JUnitReportReporter -->
<testsuite hostname="ajenifer" name="DemoTestNG.Demo5" tests="5" failures="0" timestamp="30 May 2019 02:15:17 GMT" time="0.016" errors="0">
  <testcase name="Lion" time="0.001" classname="DemoTestNG.Demo5"/>
  <testcase name="Tigger" time="0.002" classname="DemoTestNG.Demo5"/>
  <testcase name="B" time="0.001" classname="DemoTestNG.Demo5"/>
  <testcase name="A" time="0.011" classname="DemoTestNG.Demo5"/>
  <testcase name="Elephant" time="0.001" classname="DemoTestNG.Demo5"/>
</testsuite> <!-- DemoTestNG.Demo5 -->
