<?xml version="1.0" encoding="UTF-8"?>
<!-- Generated by org.testng.reporters.JUnitReportReporter -->
<testsuite hostname="ajenifer" name="DemoTestNG.Demo1" tests="2" failures="0" timestamp="30 May 2019 02:17:47 GMT" time="0.002" errors="0">
  <testcase name="Testcase1" time="0.001" classname="DemoTestNG.Demo1"/>
  <testcase name="Testcase2" time="0.001" classname="DemoTestNG.Demo1"/>
</testsuite> <!-- DemoTestNG.Demo1 -->
