<?xml version="1.0" encoding="UTF-8"?>
<!-- Generated by org.testng.reporters.JUnitReportReporter -->
<testsuite hostname="ajenifer" name="DemoTestNG.Demo8" tests="3" failures="0" timestamp="5 Jun 2019 07:43:39 GMT" time="0.026" errors="0">
  <testcase name="test3" time="0.005" classname="DemoTestNG.Demo8"/>
  <testcase name="test2" time="0.001" classname="DemoTestNG.Demo8"/>
  <testcase name="test1" time="0.020" classname="DemoTestNG.Demo8"/>
</testsuite> <!-- DemoTestNG.Demo8 -->
